\BOOKMARK [1][-]{section.1}{Introduction}{}% 1
\BOOKMARK [2][-]{subsection.1.1}{Notation}{section.1}% 2
\BOOKMARK [2][-]{subsection.1.2}{Problem\040formulation}{section.1}% 3
\BOOKMARK [1][-]{section.2}{General\040formatting\040instructions}{}% 4
\BOOKMARK [1][-]{section.3}{Headings:\040first\040level}{}% 5
\BOOKMARK [2][-]{subsection.3.1}{Headings:\040second\040level}{section.3}% 6
\BOOKMARK [3][-]{subsubsection.3.1.1}{Headings:\040third\040level}{subsection.3.1}% 7
\BOOKMARK [1][-]{section.4}{Tuning\040Paraneter\040Selection}{}% 8
\BOOKMARK [2][-]{subsection.4.1}{Selection\040of\040K,\040R,\040L}{section.4}% 9
\BOOKMARK [2][-]{subsection.4.2}{Selection\040of\040}{section.4}% 10
\BOOKMARK [1][-]{section.5}{Simulation\040and\040Evaluation}{}% 11
\BOOKMARK [2][-]{subsection.5.1}{Simulation\0401:\040clustering\040results\040with\040true\040cluster\040numers\040in\040each\040mode\040\(non-sparse\040tensor\)}{section.5}% 12
\BOOKMARK [2][-]{subsection.5.2}{Simulation\0402:\040estimation\040on\040cluster\040numbers\040\(non-sparse\040tensor\)}{section.5}% 13
\BOOKMARK [2][-]{subsection.5.3}{Simulation\0403:\040clustering\040results\040without\040given\040true\040cluster\040numbers\040in\040each\040mode\040\(non-sparse\040tensor\)\040}{section.5}% 14
\BOOKMARK [2][-]{subsection.5.4}{Simulation\0404:\040clustering\040results\040without\040given\040true\040cluster\040numbers\040in\040each\040mode\040\(sparse\040tensor\)}{section.5}% 15
\BOOKMARK [2][-]{subsection.5.5}{Citations\040within\040the\040text}{section.5}% 16
\BOOKMARK [2][-]{subsection.5.6}{Footnotes}{section.5}% 17
\BOOKMARK [2][-]{subsection.5.7}{Figures}{section.5}% 18
\BOOKMARK [2][-]{subsection.5.8}{Tables}{section.5}% 19
\BOOKMARK [1][-]{section.6}{Final\040instructions}{}% 20
\BOOKMARK [1][-]{section.7}{Preparing\040PDF\040files}{}% 21
\BOOKMARK [2][-]{subsection.7.1}{Margins\040in\040LaTeX}{section.7}% 22
\BOOKMARK [1][-]{Appendix.1.A}{Proof\040of\040Theorems}{}% 23
\BOOKMARK [1][-]{Appendix.1.B}{Algorithm}{}% 24
