This is pdfTeX, Version 3.14159265-2.6-1.40.17 (TeX Live 2016) (preloaded format=pdflatex 2016.5.22)  25 SEP 2019 15:07
entering extended mode
 restricted \write18 enabled.
 file:line:error style messages enabled.
 %&-line parsing enabled.
**diff.tex
(./diff.tex
LaTeX2e <2016/03/31>
Babel <3.9r> and hyphenation patterns for 83 language(s) loaded.
(/usr/local/texlive/2016/texmf-dist/tex/latex/base/article.cls
Document Class: article 2014/09/29 v1.4h Standard LaTeX document class
(/usr/local/texlive/2016/texmf-dist/tex/latex/base/size11.clo
File: size11.clo 2014/09/29 v1.4h Standard LaTeX file (size option)
)
\c@part=\count79
\c@section=\count80
\c@subsection=\count81
\c@subsubsection=\count82
\c@paragraph=\count83
\c@subparagraph=\count84
\c@figure=\count85
\c@table=\count86
\abovecaptionskip=\skip41
\belowcaptionskip=\skip42
\bibindent=\dimen102
)
(/usr/local/texlive/2016/texmf-dist/tex/latex/fancybox/fancybox.sty
Package: fancybox 2010/05/15 1.4

Style option: `fancybox' v1.4 <2010/05/15> (tvz)
\@fancybox=\box26
\shadowsize=\dimen103
\@Sbox=\box27
\do@VerbBox=\toks14
\the@fancyput=\toks15
\this@fancyput=\toks16
\EndVerbatimTokens=\toks17
\Verbatim@Outfile=\write3
\Verbatim@Infile=\read1
) (/usr/local/texlive/2016/texmf-dist/tex/latex/graphics/color.sty
Package: color 2016/05/09 v1.1c Standard LaTeX Color (DPC)

(/usr/local/texlive/2016/texmf-dist/tex/latex/graphics-cfg/color.cfg
File: color.cfg 2016/01/02 v1.6 sample color configuration
)
Package color Info: Driver file: pdftex.def on input line 144.

(/usr/local/texlive/2016/texmf-dist/tex/latex/pdftex-def/pdftex.def
File: pdftex.def 2011/05/27 v0.06d Graphics/color for pdfTeX

(/usr/local/texlive/2016/texmf-dist/tex/generic/oberdiek/infwarerr.sty
Package: infwarerr 2016/05/16 v1.4 Providing info/warning/error messages (HO)
)
(/usr/local/texlive/2016/texmf-dist/tex/generic/oberdiek/ltxcmds.sty
Package: ltxcmds 2016/05/16 v1.23 LaTeX kernel commands for general use (HO)
)
\Gread@gobject=\count87
))
(/usr/local/texlive/2016/texmf-dist/tex/latex/url/url.sty
\Urlmuskip=\muskip10
Package: url 2013/09/16  ver 3.4  Verb mode for urls, etc.
)
(/usr/local/texlive/2016/texmf-dist/tex/latex/geometry/geometry.sty
Package: geometry 2010/09/12 v5.6 Page Geometry

(/usr/local/texlive/2016/texmf-dist/tex/latex/graphics/keyval.sty
Package: keyval 2014/10/28 v1.15 key=value parser (DPC)
\KV@toks@=\toks18
)
(/usr/local/texlive/2016/texmf-dist/tex/generic/oberdiek/ifpdf.sty
Package: ifpdf 2016/05/14 v3.1 Provides the ifpdf switch
)
(/usr/local/texlive/2016/texmf-dist/tex/generic/oberdiek/ifvtex.sty
Package: ifvtex 2016/05/16 v1.6 Detect VTeX and its facilities (HO)
Package ifvtex Info: VTeX not detected.
)
(/usr/local/texlive/2016/texmf-dist/tex/generic/ifxetex/ifxetex.sty
Package: ifxetex 2010/09/12 v0.6 Provides ifxetex conditional
)
\Gm@cnth=\count88
\Gm@cntv=\count89
\c@Gm@tempcnt=\count90
\Gm@bindingoffset=\dimen104
\Gm@wd@mp=\dimen105
\Gm@odd@mp=\dimen106
\Gm@even@mp=\dimen107
\Gm@layoutwidth=\dimen108
\Gm@layoutheight=\dimen109
\Gm@layouthoffset=\dimen110
\Gm@layoutvoffset=\dimen111
\Gm@dimlist=\toks19
)
(/usr/local/texlive/2016/texmf-dist/tex/latex/comment/comment.sty
\CommentStream=\write4

Excluding comment 'comment')
(/usr/local/texlive/2016/texmf-dist/tex/latex/amsmath/amsmath.sty
Package: amsmath 2016/03/10 v2.15b AMS math features
\@mathmargin=\skip43

For additional information on amsmath, use the `?' option.
(/usr/local/texlive/2016/texmf-dist/tex/latex/amsmath/amstext.sty
Package: amstext 2000/06/29 v2.01 AMS text

(/usr/local/texlive/2016/texmf-dist/tex/latex/amsmath/amsgen.sty
File: amsgen.sty 1999/11/30 v2.0 generic functions
\@emptytoks=\toks20
\ex@=\dimen112
))
(/usr/local/texlive/2016/texmf-dist/tex/latex/amsmath/amsbsy.sty
Package: amsbsy 1999/11/29 v1.2d Bold Symbols
\pmbraise@=\dimen113
)
(/usr/local/texlive/2016/texmf-dist/tex/latex/amsmath/amsopn.sty
Package: amsopn 2016/03/08 v2.02 operator names
)
\inf@bad=\count91
LaTeX Info: Redefining \frac on input line 199.
\uproot@=\count92
\leftroot@=\count93
LaTeX Info: Redefining \overline on input line 297.
\classnum@=\count94
\DOTSCASE@=\count95
LaTeX Info: Redefining \ldots on input line 394.
LaTeX Info: Redefining \dots on input line 397.
LaTeX Info: Redefining \cdots on input line 518.
\Mathstrutbox@=\box28
\strutbox@=\box29
\big@size=\dimen114
LaTeX Font Info:    Redeclaring font encoding OML on input line 634.
LaTeX Font Info:    Redeclaring font encoding OMS on input line 635.
\macc@depth=\count96
\c@MaxMatrixCols=\count97
\dotsspace@=\muskip11
\c@parentequation=\count98
\dspbrk@lvl=\count99
\tag@help=\toks21
\row@=\count100
\column@=\count101
\maxfields@=\count102
\andhelp@=\toks22
\eqnshift@=\dimen115
\alignsep@=\dimen116
\tagshift@=\dimen117
\tagwidth@=\dimen118
\totwidth@=\dimen119
\lineht@=\dimen120
\@envbody=\toks23
\multlinegap=\skip44
\multlinetaggap=\skip45
\mathdisplay@stack=\toks24
LaTeX Info: Redefining \[ on input line 2739.
LaTeX Info: Redefining \] on input line 2740.
)
(/usr/local/texlive/2016/texmf-dist/tex/latex/amsfonts/amssymb.sty
Package: amssymb 2013/01/14 v3.01 AMS font symbols

(/usr/local/texlive/2016/texmf-dist/tex/latex/amsfonts/amsfonts.sty
Package: amsfonts 2013/01/14 v3.01 Basic AMSFonts support
\symAMSa=\mathgroup4
\symAMSb=\mathgroup5
LaTeX Font Info:    Overwriting math alphabet `\mathfrak' in version `bold'
(Font)                  U/euf/m/n --> U/euf/b/n on input line 106.
))
(/usr/local/texlive/2016/texmf-dist/tex/latex/amscls/amsthm.sty
Package: amsthm 2015/03/04 v2.20.2
\thm@style=\toks25
\thm@bodyfont=\toks26
\thm@headfont=\toks27
\thm@notefont=\toks28
\thm@headpunct=\toks29
\thm@preskip=\skip46
\thm@postskip=\skip47
\thm@headsep=\skip48
\dth@everypar=\toks30
)
(/usr/local/texlive/2016/texmf-dist/tex/latex/tools/bm.sty
Package: bm 2016/02/27 v1.2a Bold Symbol Support (DPC/FMi)
\symboldoperators=\mathgroup6
\symboldletters=\mathgroup7
\symboldsymbols=\mathgroup8
LaTeX Font Info:    Redeclaring math alphabet \mathbf on input line 142.
LaTeX Info: Redefining \bm on input line 208.
)
(/usr/local/texlive/2016/texmf-dist/tex/latex/mathtools/mathtools.sty
Package: mathtools 2015/11/12 v1.18 mathematical typesetting tools

(/usr/local/texlive/2016/texmf-dist/tex/latex/tools/calc.sty
Package: calc 2014/10/28 v4.3 Infix arithmetic (KKT,FJ)
\calc@Acount=\count103
\calc@Bcount=\count104
\calc@Adimen=\dimen121
\calc@Bdimen=\dimen122
\calc@Askip=\skip49
\calc@Bskip=\skip50
LaTeX Info: Redefining \setlength on input line 80.
LaTeX Info: Redefining \addtolength on input line 81.
\calc@Ccount=\count105
\calc@Cskip=\skip51
)
(/usr/local/texlive/2016/texmf-dist/tex/latex/mathtools/mhsetup.sty
Package: mhsetup 2010/01/21 v1.2a programming setup (MH)
)
LaTeX Info: Thecontrolsequence`\('isalreadyrobust on input line 129.
LaTeX Info: Thecontrolsequence`\)'isalreadyrobust on input line 129.
LaTeX Info: Thecontrolsequence`\['isalreadyrobust on input line 129.
LaTeX Info: Thecontrolsequence`\]'isalreadyrobust on input line 129.
\g_MT_multlinerow_int=\count106
\l_MT_multwidth_dim=\dimen123
\origjot=\skip52
\l_MT_shortvdotswithinadjustabove_dim=\dimen124
\l_MT_shortvdotswithinadjustbelow_dim=\dimen125
\l_MT_above_intertext_sep=\dimen126
\l_MT_below_intertext_sep=\dimen127
\l_MT_above_shortintertext_sep=\dimen128
\l_MT_below_shortintertext_sep=\dimen129
)
(/usr/local/texlive/2016/texmf-dist/tex/latex/doublestroke/dsfont.sty
Package: dsfont 1995/08/01 v0.1 Double stroke roman fonts
)
(/usr/local/texlive/2016/texmf-dist/tex/latex/multirow/multirow.sty
\bigstrutjot=\dimen130
)
(/usr/local/texlive/2016/texmf-dist/tex/latex/hyperref/hyperref.sty
Package: hyperref 2016/05/05 v6.83n Hypertext links for LaTeX

(/usr/local/texlive/2016/texmf-dist/tex/generic/oberdiek/hobsub-hyperref.sty
Package: hobsub-hyperref 2016/05/16 v1.14 Bundle oberdiek, subset hyperref (HO)


(/usr/local/texlive/2016/texmf-dist/tex/generic/oberdiek/hobsub-generic.sty
Package: hobsub-generic 2016/05/16 v1.14 Bundle oberdiek, subset generic (HO)
Package: hobsub 2016/05/16 v1.14 Construct package bundles (HO)
Package hobsub Info: Skipping package `infwarerr' (already loaded).
Package hobsub Info: Skipping package `ltxcmds' (already loaded).
Package: ifluatex 2016/05/16 v1.4 Provides the ifluatex switch (HO)
Package ifluatex Info: LuaTeX not detected.
Package hobsub Info: Skipping package `ifvtex' (already loaded).
Package: intcalc 2016/05/16 v1.2 Expandable calculations with integers (HO)
Package hobsub Info: Skipping package `ifpdf' (already loaded).
Package: etexcmds 2016/05/16 v1.6 Avoid name clashes with e-TeX commands (HO)
Package etexcmds Info: Could not find \expanded.
(etexcmds)             That can mean that you are not using pdfTeX 1.50 or
(etexcmds)             that some package has redefined \expanded.
(etexcmds)             In the latter case, load this package earlier.
Package: kvsetkeys 2016/05/16 v1.17 Key value parser (HO)
Package: kvdefinekeys 2016/05/16 v1.4 Define keys (HO)
Package: pdftexcmds 2016/05/10 v0.21 Utility functions of pdfTeX for LuaTeX (HO
)
Package pdftexcmds Info: LuaTeX not detected.
Package pdftexcmds Info: \pdf@primitive is available.
Package pdftexcmds Info: \pdf@ifprimitive is available.
Package pdftexcmds Info: \pdfdraftmode found.
Package: pdfescape 2016/05/16 v1.14 Implements pdfTeX's escape features (HO)
Package: bigintcalc 2016/05/16 v1.4 Expandable calculations on big integers (HO
)
Package: bitset 2016/05/16 v1.2 Handle bit-vector datatype (HO)
Package: uniquecounter 2016/05/16 v1.3 Provide unlimited unique counter (HO)
)
Package hobsub Info: Skipping package `hobsub' (already loaded).
Package: letltxmacro 2016/05/16 v1.5 Let assignment for LaTeX macros (HO)
Package: hopatch 2016/05/16 v1.3 Wrapper for package hooks (HO)
Package: xcolor-patch 2016/05/16 xcolor patch
Package: atveryend 2016/05/16 v1.9 Hooks at the very end of document (HO)
Package atveryend Info: \enddocument detected (standard20110627).
Package: atbegshi 2016/05/16 v1.17 At begin shipout hook (HO)
Package: refcount 2016/05/16 v3.5 Data extraction from label references (HO)
Package: hycolor 2016/05/16 v1.8 Color options for hyperref/bookmark (HO)
)
(/usr/local/texlive/2016/texmf-dist/tex/latex/oberdiek/auxhook.sty
Package: auxhook 2016/05/16 v1.4 Hooks for auxiliary files (HO)
)
(/usr/local/texlive/2016/texmf-dist/tex/latex/oberdiek/kvoptions.sty
Package: kvoptions 2016/05/16 v3.12 Key value format for package options (HO)
)
\@linkdim=\dimen131
\Hy@linkcounter=\count107
\Hy@pagecounter=\count108

(/usr/local/texlive/2016/texmf-dist/tex/latex/hyperref/pd1enc.def
File: pd1enc.def 2016/05/05 v6.83n Hyperref: PDFDocEncoding definition (HO)
)
\Hy@SavedSpaceFactor=\count109

(/usr/local/texlive/2016/texmf-dist/tex/latex/latexconfig/hyperref.cfg
File: hyperref.cfg 2002/06/06 v1.2 hyperref configuration of TeXLive
)
Package hyperref Info: Hyper figures OFF on input line 4446.
Package hyperref Info: Link nesting OFF on input line 4451.
Package hyperref Info: Hyper index ON on input line 4454.
Package hyperref Info: Plain pages OFF on input line 4461.
Package hyperref Info: Backreferencing OFF on input line 4466.
Package hyperref Info: Implicit mode ON; LaTeX internals redefined.
Package hyperref Info: Bookmarks ON on input line 4691.
\c@Hy@tempcnt=\count110
LaTeX Info: Redefining \url on input line 5044.
\XeTeXLinkMargin=\dimen132
\Fld@menulength=\count111
\Field@Width=\dimen133
\Fld@charsize=\dimen134
Package hyperref Info: Hyper figures OFF on input line 6298.
Package hyperref Info: Link nesting OFF on input line 6303.
Package hyperref Info: Hyper index ON on input line 6306.
Package hyperref Info: backreferencing OFF on input line 6313.
Package hyperref Info: Link coloring OFF on input line 6318.
Package hyperref Info: Link coloring with OCG OFF on input line 6323.
Package hyperref Info: PDF/A mode OFF on input line 6328.
LaTeX Info: Redefining \ref on input line 6368.
LaTeX Info: Redefining \pageref on input line 6372.
\Hy@abspage=\count112
\c@Item=\count113
\c@Hfootnote=\count114
)

Package hyperref Message: Driver (autodetected): hpdftex.

(/usr/local/texlive/2016/texmf-dist/tex/latex/hyperref/hpdftex.def
File: hpdftex.def 2016/05/05 v6.83n Hyperref driver for pdfTeX
\Fld@listcount=\count115
\c@bookmark@seq@number=\count116

(/usr/local/texlive/2016/texmf-dist/tex/latex/oberdiek/rerunfilecheck.sty
Package: rerunfilecheck 2016/05/16 v1.8 Rerun checks for auxiliary files (HO)
Package uniquecounter Info: New unique counter `rerunfilecheck' on input line 2
82.
)
\Hy@SectionHShift=\skip53
)
(/usr/local/texlive/2016/texmf-dist/tex/latex/setspace/setspace.sty
Package: setspace 2011/12/19 v6.7a set line spacing
)
(/usr/local/texlive/2016/texmf-dist/tex/latex/tools/enumerate.sty
Package: enumerate 2015/07/23 v3.00 enumerate extensions (DPC)
\@enLab=\toks31
)
Package hyperref Info: Option `colorlinks' set `true' on input line 27.

(/usr/local/texlive/2016/texmf-dist/tex/latex/algorithmicx/algpseudocode.sty
Package: algpseudocode 

(/usr/local/texlive/2016/texmf-dist/tex/latex/base/ifthen.sty
Package: ifthen 2014/09/29 v1.1c Standard LaTeX ifthen package (DPC)
)
(/usr/local/texlive/2016/texmf-dist/tex/latex/algorithmicx/algorithmicx.sty
Package: algorithmicx 2005/04/27 v1.2 Algorithmicx

Document Style algorithmicx 1.2 - a greatly improved `algorithmic' style
\c@ALG@line=\count117
\c@ALG@rem=\count118
\c@ALG@nested=\count119
\ALG@tlm=\skip54
\ALG@thistlm=\skip55
\c@ALG@Lnr=\count120
\c@ALG@blocknr=\count121
\c@ALG@storecount=\count122
\c@ALG@tmpcounter=\count123
\ALG@tmplength=\skip56
)
Document Style - pseudocode environments for use with the `algorithmicx' style
) (/usr/local/texlive/2016/texmf-dist/tex/latex/algorithms/algorithm.sty
Package: algorithm 2009/08/24 v0.1 Document Style `algorithm' - floating enviro
nment

(/usr/local/texlive/2016/texmf-dist/tex/latex/float/float.sty
Package: float 2001/11/08 v1.3d Float enhancements (AL)
\c@float@type=\count124
\float@exts=\toks32
\float@box=\box30
\@float@everytoks=\toks33
\@floatcapt=\box31
)
\@float@every@algorithm=\toks34
\c@algorithm=\count125
)
\c@theorem=\count126
\c@lem=\count127
\c@prop=\count128
\c@pro=\count129
\c@cor=\count130
\c@ass=\count131
\c@defn=\count132
\c@exmp=\count133
\c@rmk=\count134
\c@exam=\count135
 (./macros.tex
(/usr/local/texlive/2016/texmf-dist/tex/latex/stmaryrd/stmaryrd.sty
Package: stmaryrd 1994/03/03 St Mary's Road symbol package
\symstmry=\mathgroup9
LaTeX Font Info:    Overwriting symbol font `stmry' in version `bold'
(Font)                  U/stmry/m/n --> U/stmry/b/n on input line 89.
))
(/usr/local/texlive/2016/texmf-dist/tex/generic/ulem/ulem.sty
\UL@box=\box32
\UL@hyphenbox=\box33
\UL@skip=\skip57
\UL@hook=\toks35
\UL@height=\dimen135
\UL@pe=\count136
\UL@pixel=\dimen136
\ULC@box=\box34
Package: ulem 2012/05/18
\ULdepth=\dimen137
) (./diff.aux)
\openout1 = `diff.aux'.

LaTeX Font Info:    Checking defaults for OML/cmm/m/it on input line 82.
LaTeX Font Info:    ... okay on input line 82.
LaTeX Font Info:    Checking defaults for T1/cmr/m/n on input line 82.
LaTeX Font Info:    ... okay on input line 82.
LaTeX Font Info:    Checking defaults for OT1/cmr/m/n on input line 82.
LaTeX Font Info:    ... okay on input line 82.
LaTeX Font Info:    Checking defaults for OMS/cmsy/m/n on input line 82.
LaTeX Font Info:    ... okay on input line 82.
LaTeX Font Info:    Checking defaults for OMX/cmex/m/n on input line 82.
LaTeX Font Info:    ... okay on input line 82.
LaTeX Font Info:    Checking defaults for U/cmr/m/n on input line 82.
LaTeX Font Info:    ... okay on input line 82.
LaTeX Font Info:    Checking defaults for PD1/pdf/m/n on input line 82.
LaTeX Font Info:    ... okay on input line 82.

(/usr/local/texlive/2016/texmf-dist/tex/context/base/mkii/supp-pdf.mkii
[Loading MPS to PDF converter (version 2006.09.02).]
\scratchcounter=\count137
\scratchdimen=\dimen138
\scratchbox=\box35
\nofMPsegments=\count138
\nofMParguments=\count139
\everyMPshowfont=\toks36
\MPscratchCnt=\count140
\MPscratchDim=\dimen139
\MPnumerator=\count141
\makeMPintoPDFobject=\count142
\everyMPtoPDFconversion=\toks37
)
*geometry* driver: auto-detecting
*geometry* detected driver: pdftex
*geometry* verbose mode - [ preamble ] result:
* driver: pdftex
* paper: <default>
* layout: <same size as paper>
* layoutoffset:(h,v)=(0.0pt,0.0pt)
* modes: 
* h-part:(L,W,R)=(72.26999pt, 469.75502pt, 72.26999pt)
* v-part:(T,H,B)=(72.26999pt, 650.43001pt, 72.26999pt)
* \paperwidth=614.295pt
* \paperheight=794.96999pt
* \textwidth=469.75502pt
* \textheight=650.43001pt
* \oddsidemargin=0.0pt
* \evensidemargin=0.0pt
* \topmargin=-37.0pt
* \headheight=12.0pt
* \headsep=25.0pt
* \topskip=11.0pt
* \footskip=30.0pt
* \marginparwidth=59.0pt
* \marginparsep=10.0pt
* \columnsep=10.0pt
* \skip\footins=10.0pt plus 4.0pt minus 2.0pt
* \hoffset=0.0pt
* \voffset=0.0pt
* \mag=1000
* \@twocolumnfalse
* \@twosidefalse
* \@mparswitchfalse
* \@reversemarginfalse
* (1in=72.27pt=25.4mm, 1cm=28.453pt)

(/usr/local/texlive/2016/texmf-dist/tex/latex/graphics/graphicx.sty
Package: graphicx 2014/10/28 v1.0g Enhanced LaTeX Graphics (DPC,SPQR)

(/usr/local/texlive/2016/texmf-dist/tex/latex/graphics/graphics.sty
Package: graphics 2016/05/09 v1.0r Standard LaTeX Graphics (DPC,SPQR)

(/usr/local/texlive/2016/texmf-dist/tex/latex/graphics/trig.sty
Package: trig 2016/01/03 v1.10 sin cos tan (DPC)
)
(/usr/local/texlive/2016/texmf-dist/tex/latex/graphics-cfg/graphics.cfg
File: graphics.cfg 2016/01/02 v1.10 sample graphics configuration
)
Package graphics Info: Driver file: pdftex.def on input line 96.
)
(/usr/local/texlive/2016/texmf-dist/tex/latex/oberdiek/epstopdf-base.sty
Package: epstopdf-base 2016/05/15 v2.6 Base part for package epstopdf

(/usr/local/texlive/2016/texmf-dist/tex/latex/oberdiek/grfext.sty
Package: grfext 2016/05/16 v1.2 Manage graphics extensions (HO)
)
Package grfext Info: Graphics extension search list:
(grfext)             [.png,.pdf,.jpg,.mps,.jpeg,.jbig2,.jb2,.PNG,.PDF,.JPG,.JPE
G,.JBIG2,.JB2,.eps]
(grfext)             \AppendGraphicsExtensions on input line 456.

(/usr/local/texlive/2016/texmf-dist/tex/latex/latexconfig/epstopdf-sys.cfg
File: epstopdf-sys.cfg 2010/07/13 v1.3 Configuration of (r)epstopdf for TeX Liv
e
))
\Gin@req@height=\dimen140
\Gin@req@width=\dimen141
)
\AtBeginShipoutBox=\box36
Package hyperref Info: Link coloring ON on input line 82.

(/usr/local/texlive/2016/texmf-dist/tex/latex/hyperref/nameref.sty
Package: nameref 2012/10/27 v2.43 Cross-referencing by name of section

(/usr/local/texlive/2016/texmf-dist/tex/generic/oberdiek/gettitlestring.sty
Package: gettitlestring 2016/05/16 v1.5 Cleanup title references (HO)
)
\c@section@level=\count143
)
LaTeX Info: Redefining \ref on input line 82.
LaTeX Info: Redefining \pageref on input line 82.
LaTeX Info: Redefining \nameref on input line 82.

(./diff.out) (./diff.out)
\@outlinefile=\write5
\openout5 = `diff.out'.

LaTeX Font Info:    Try loading font information for U+msa on input line 91.

(/usr/local/texlive/2016/texmf-dist/tex/latex/amsfonts/umsa.fd
File: umsa.fd 2013/01/14 v3.01 AMS symbols A
)
LaTeX Font Info:    Try loading font information for U+msb on input line 91.

(/usr/local/texlive/2016/texmf-dist/tex/latex/amsfonts/umsb.fd
File: umsb.fd 2013/01/14 v3.01 AMS symbols B
)
LaTeX Font Info:    Try loading font information for U+stmry on input line 91.

(/usr/local/texlive/2016/texmf-dist/tex/latex/stmaryrd/Ustmry.fd)
Underfull \hbox (badness 10000) in paragraph at lines 102--103

 []


LaTeX Warning: Citation `cong2015tensor' on page 1 undefined on input line 113.



LaTeX Warning: Citation `zhou2013tensor' on page 1 undefined on input line 113.



LaTeX Warning: Citation `nickel2011three' on page 1 undefined on input line 113
.


LaTeX Warning: Citation `socher2013reasoning' on page 1 undefined on input line
 113.


LaTeX Warning: Citation `tang2013tensor' on page 1 undefined on input line 113.



LaTeX Warning: Citation `liu2013tensor' on page 1 undefined on input line 113.


LaTeX Warning: Citation `wang2017three' on page 1 undefined on input line 113.


LaTeX Warning: Citation `hore2016tensor' on page 1 undefined on input line 113.



LaTeX Warning: Citation `wang2017three' on page 1 undefined on input line 113.


LaTeX Warning: Citation `nickel2011three' on page 1 undefined on input line 113
.

<figures/demo.pdf, id=57, 1112.39565pt x 239.40057pt>
File: figures/demo.pdf Graphic file (type pdf)
 <use figures/demo.pdf>
Package pdftex.def Info: figures/demo.pdf used on input line 120.
(pdftex.def)             Requested size: 375.80544pt x 80.87639pt.

[1

{/usr/local/texlive/2016/texmf-var/fonts/map/pdftex/updmap/pdftex.map}pdfTeX wa
rning (ext4): destination with the same identifier (name{figure.1}) has been al
ready used, duplicate ignored

\AtBegShi@Output ...ipout \box \AtBeginShipoutBox 
                                                  \fi \fi 
l.127 
       <./figures/demo.pdf>]

LaTeX Warning: Citation `hitchcock1927expression' on page 2 undefined on input 
line 128.


LaTeX Warning: Citation `tucker1966some' on page 2 undefined on input line 128.



LaTeX Warning: Citation `tan2014sparse' on page 2 undefined on input line 130.


LaTeX Warning: Citation `kolda2008scalable' on page 2 undefined on input line 1
30.


LaTeX Warning: Citation `wang2015multi' on page 2 undefined on input line 130.


LaTeX Warning: Citation `kolda2008scalable' on page 2 undefined on input line 1
32.


LaTeX Warning: Citation `wang2015multi' on page 2 undefined on input line 132.


LaTeX Warning: Citation `hore2016tensor' on page 2 undefined on input line 132.



LaTeX Warning: Citation `kolda2008scalable' on page 2 undefined on input line 1
34.


LaTeX Warning: Citation `wang2015multi' on page 2 undefined on input line 134.


LaTeX Warning: Citation `hore2016tensor' on page 2 undefined on input line 134.



LaTeX Warning: Citation `wang2018learning' on page 2 undefined on input line 13
4.


LaTeX Warning: Citation `jegelka2009approximation' on page 2 undefined on input
 line 134.


LaTeX Warning: Citation `kolda2008scalable' on page 2 undefined on input line 1
34.


LaTeX Warning: Citation `chi2018provable' on page 2 undefined on input line 134
.


LaTeX Warning: Citation `kolda2009tensor' on page 2 undefined on input line 140
.

[2]

LaTeX Warning: Citation `madeira2004biclustering' on page 3 undefined on input 
line 162.


Overfull \hbox (50.1502pt too wide) in paragraph at lines 165--168
\OT1/cmr/m/n/10.95 where []|   []   [][]|   []   []is a core ten-sor con-sist-i
ng of block means, []|   []
 []


LaTeX Warning: Citation `jegelka2009approximation' on page 3 undefined on input
 line 176.


LaTeX Warning: Citation `wang2017three' on page 3 undefined on input line 176.


LaTeX Warning: Citation `chi2018provable' on page 3 undefined on input line 176
.


Package amsmath Warning: Foreign command \over;
(amsmath)                \frac or \genfrac should be used instead
(amsmath)                 on input line 180.


LaTeX Warning: Citation `abbe2017community' on page 3 undefined on input line 1
82.


LaTeX Warning: Citation `gao2018minimax' on page 3 undefined on input line 182.



LaTeX Warning: Citation `gao2018minimax' on page 3 undefined on input line 184.



LaTeX Warning: Citation `bickel2009nonparametric' on page 3 undefined on input 
line 184.


LaTeX Warning: Citation `lei2015consistency' on page 3 undefined on input line 
184.

[3]

LaTeX Warning: Citation `darton1980rotation' on page 4 undefined on input line 
211.


LaTeX Warning: Citation `abdi2003factor' on page 4 undefined on input line 211.



LaTeX Warning: Citation `zhang2018tensor' on page 4 undefined on input line 211
.


LaTeX Warning: Citation `kolda2009tensor' on page 4 undefined on input line 211
.


LaTeX Warning: Citation `darton1980rotation' on page 4 undefined on input line 
211.


LaTeX Warning: Citation `abdi2003factor' on page 4 undefined on input line 211.


[4]

LaTeX Warning: Citation `zhang2018tensor' on page 5 undefined on input line 254
.


LaTeX Warning: Citation `chi2018provable' on page 5 undefined on input line 256
.


LaTeX Warning: Citation `gao2016optimal' on page 5 undefined on input line 259.



LaTeX Warning: Citation `gao2018minimax' on page 5 undefined on input line 259.



LaTeX Warning: Citation `gao2018minimax' on page 5 undefined on input line 262.



LaTeX Warning: Citation `rigollet2015high' on page 5 undefined on input line 26
2.


LaTeX Warning: Citation `gao2018minimax' on page 5 undefined on input line 264.


LaTeX Font Info:    Try loading font information for U+dsrom on input line 272.

(/usr/local/texlive/2016/texmf-dist/tex/latex/doublestroke/Udsrom.fd
File: Udsrom.fd 1995/08/01 v0.1 Double stroke roman font definitions
)
Overfull \hbox (2.432pt too wide) in paragraph at lines 271--274
|   []   |   []   |   []   |   []   |   []   |   []   |   []   |   []
 []

[5]
Overfull \hbox (120.98486pt too wide) in paragraph at lines 289--291
|   []   |   [][]\OT1/cmr/m/it/10.95 . De-fine the []|   []   |   []   |   []
 []


Overfull \hbox (70.19778pt too wide) in paragraph at lines 289--291
|   []   |   []   |   []   |   []   |   []   |   []   |   []   |   [][]\OT1/cmr
/m/it/10.95 .
 []


LaTeX Warning: Citation `zhang2018tensor' on page 6 undefined on input line 306
.


LaTeX Warning: Citation `zhang2018tensor' on page 6 undefined on input line 313
.


LaTeX Warning: Citation `chi2018provable' on page 6 undefined on input line 316
.


Overfull \hbox (40.2747pt too wide) in paragraph at lines 308--320
[][]
 []

[6pdfTeX warning (ext4): destination with the same identifier (name{table.1}) h
as been already used, duplicate ignored

\AtBegShi@Output ...ipout \box \AtBeginShipoutBox 
                                                  \fi \fi 
l.344 \end{align}
                 ]
Package hyperref Info: bookmark level for unknown algorithm defaults to 0 on in
put line 350.


LaTeX Warning: Citation `anandkumar2014tensor' on page 7 undefined on input lin
e 374.


LaTeX Warning: Citation `wang2017tensor' on page 7 undefined on input line 374.



LaTeX Warning: Citation `zhang2018tensor' on page 7 undefined on input line 374
.


LaTeX Warning: Citation `aloise2009np' on page 7 undefined on input line 374.


LaTeX Warning: Citation `zhou2013tensor' on page 7 undefined on input line 374.



LaTeX Warning: Citation `zhou2013tensor' on page 7 undefined on input line 374.


[7] [8] <figures/figure.pdf, id=206, 344.48149pt x 227.94687pt>
File: figures/figure.pdf Graphic file (type pdf)

<use figures/figure.pdf>
Package pdftex.def Info: figures/figure.pdf used on input line 441.
(pdftex.def)             Requested size: 187.89914pt x 124.33813pt.

<figures/rescale_order4.pdf, id=207, 350.54361pt x 225.4742pt>
File: figures/rescale_order4.pdf Graphic file (type pdf)

<use figures/rescale_order4.pdf>
Package pdftex.def Info: figures/rescale_order4.pdf used on input line 442.
(pdftex.def)             Requested size: 187.89914pt x 120.85973pt.


LaTeX Warning: Reference `tab:rank' on page 9 undefined on input line 448.


Overfull \hbox (1837.41458pt too wide) in paragraph at lines 460--525
[]|   []   [][]|   []   |   []   |   [][][]|   [][][]|   []   |   []   |   [][]
[]|   [][][]|   [][][]|   [][][]|   [][][]|   [][][]|   [][][]|   [][][]|   [][
][]|   [][][]|   [][][]|   [][][]|   [][][]|   [][][]|   [][][]|   [][][]|   []
[][]|   [][][]|   [][][]|   [][][]|   [][][]|   [][][]|   [][][]|   [][][]|   [
][][]|   [][][]|   [][][]|   [][][]|   [][][]|   [][][]|   [][][]|   [][][]|   
[][][]|   [][][]|   [][][]|   [][][]|   []
 []


Overfull \hbox (43.13345pt too wide) in paragraph at lines 460--525
[][]|   [][][]|   [][][]|   [][][]|   [][][]|   []   |   []   |   []   |   []  
 |   []   |   []
 []

[9pdfTeX warning (ext4): destination with the same identifier (name{figure.2}) 
has been already used, duplicate ignored

\AtBegShi@Output ...ipout \box \AtBeginShipoutBox 
                                                  \fi \fi 
l.525 
       <./figures/figure.pdf> <./figures/rescale_order4.pdf

pdfTeX warning: /Library/TeX/texbin/pdflatex (file ./figures/rescale_order4.pdf
): PDF inclusion: multiple pdfs with page group included in a single page
>]

LaTeX Warning: Citation `chi2018provable' on page 10 undefined on input line 52
9.


LaTeX Warning: Citation `hore2016tensor' on page 10 undefined on input line 529
.


LaTeX Warning: Citation `kolda2008scalable' on page 10 undefined on input line 
529.

<figures/compare.pdf, id=1300, 1108.54288pt x 279.93098pt>
File: figures/compare.pdf Graphic file (type pdf)

<use figures/compare.pdf>
Package pdftex.def Info: figures/compare.pdf used on input line 542.
(pdftex.def)             Requested size: 375.80544pt x 94.89763pt.


LaTeX Warning: Reference `fig:sparse' on page 10 undefined on input line 553.

[10pdfTeX warning (ext4): destination with the same identifier (name{figure.3})
 has been already used, duplicate ignored

\AtBegShi@Output ...ipout \box \AtBeginShipoutBox 
                                                  \fi \fi 
l.554 
       <./figures/compare.pdf>]

LaTeX Warning: Citation `wang2017three' on page 11 undefined on input line 622.



LaTeX Warning: Reference `tab:gene' on page 11 undefined on input line 622.

LaTeX Font Info:    Try loading font information for OMS+cmr on input line 622.

(/usr/local/texlive/2016/texmf-dist/tex/latex/base/omscmr.fd
File: omscmr.fd 2014/09/29 v2.5h Standard LaTeX font definitions
)
LaTeX Font Info:    Font shape `OMS/cmr/m/n' in size <10.95> not available
(Font)              Font shape `OMS/cmsy/m/n' tried instead on input line 622.


LaTeX Warning: Citation `o2015reference' on page 11 undefined on input line 622
.


LaTeX Warning: Citation `o2015reference' on page 11 undefined on input line 622
.


LaTeX Warning: Citation `nickel2011three' on page 11 undefined on input line 62
5.


LaTeX Warning: Citation `chi2018provable' on page 11 undefined on input line 63
1.


LaTeX Warning: Citation `jegelka2009approximation' on page 11 undefined on inpu
t line 640.


LaTeX Warning: Citation `chi2018provable' on page 11 undefined on input line 64
2.


LaTeX Warning: `!h' float specifier changed to `!ht'.

[11pdfTeX warning (ext4): destination with the same identifier (name{table.2}) 
has been already used, duplicate ignored

\AtBegShi@Output ...ipout \box \AtBeginShipoutBox 
                                                  \fi \fi 
l.659 \DIFaddend \section
                         {Conclusion}]
No file diff.bbl.
Package atveryend Info: Empty hook `BeforeClearDocument' on input line 685.
[12pdfTeX warning (ext4): destination with the same identifier (name{table.3}) 
has been already used, duplicate ignored

\AtBegShi@Output ...ipout \box \AtBeginShipoutBox 
                                                  \fi \fi 
l.685 \end{document}
                    ]
Package atveryend Info: Empty hook `AfterLastShipout' on input line 685.
 (./diff.aux)
Package atveryend Info: Executing hook `AtVeryEndDocument' on input line 685.
Package atveryend Info: Executing hook `AtEndAfterFileList' on input line 685.
Package rerunfilecheck Info: File `diff.out' has not changed.
(rerunfilecheck)             Checksum: 565CE60E355ABB9AE467B0A2BE613205;798.


LaTeX Warning: There were undefined references.


LaTeX Warning: Label(s) may have changed. Rerun to get cross-references right.

Package atveryend Info: Empty hook `AtVeryVeryEnd' on input line 685.
 ) 
Here is how much of TeX's memory you used:
 8751 strings out of 493014
 124319 string characters out of 6133351
 263640 words of memory out of 5000000
 12061 multiletter control sequences out of 15000+600000
 22347 words of font info for 88 fonts, out of 8000000 for 9000
 1141 hyphenation exceptions out of 8191
 40i,14n,32p,1776b,417s stack positions out of 5000i,500n,10000p,200000b,80000s
pdfTeX warning (dest): name{Hfootnote.1} has been referenced but does not exi
st, replaced by a fixed one

</usr/local/texlive/2016/texmf-dist/fonts/type1/public/amsfonts/cm/cmbx10.pfb><
/usr/local/texlive/2016/texmf-dist/fonts/type1/public/amsfonts/cm/cmbx12.pfb></
usr/local/texlive/2016/texmf-dist/fonts/type1/public/amsfonts/cm/cmex10.pfb></u
sr/local/texlive/2016/texmf-dist/fonts/type1/public/amsfonts/cmextra/cmex8.pfb>
</usr/local/texlive/2016/texmf-dist/fonts/type1/public/amsfonts/cm/cmmi10.pfb><
/usr/local/texlive/2016/texmf-dist/fonts/type1/public/amsfonts/cm/cmmi6.pfb></u
sr/local/texlive/2016/texmf-dist/fonts/type1/public/amsfonts/cm/cmmi8.pfb></usr
/local/texlive/2016/texmf-dist/fonts/type1/public/amsfonts/cm/cmmib10.pfb></usr
/local/texlive/2016/texmf-dist/fonts/type1/public/amsfonts/cmextra/cmmib8.pfb><
/usr/local/texlive/2016/texmf-dist/fonts/type1/public/amsfonts/cm/cmr10.pfb></u
sr/local/texlive/2016/texmf-dist/fonts/type1/public/amsfonts/cm/cmr6.pfb></usr/
local/texlive/2016/texmf-dist/fonts/type1/public/amsfonts/cm/cmr7.pfb></usr/loc
al/texlive/2016/texmf-dist/fonts/type1/public/amsfonts/cm/cmr8.pfb></usr/local/
texlive/2016/texmf-dist/fonts/type1/public/amsfonts/cm/cmr9.pfb></usr/local/tex
live/2016/texmf-dist/fonts/type1/public/amsfonts/cm/cmsy10.pfb></usr/local/texl
ive/2016/texmf-dist/fonts/type1/public/amsfonts/cm/cmsy6.pfb></usr/local/texliv
e/2016/texmf-dist/fonts/type1/public/amsfonts/cm/cmsy8.pfb></usr/local/texlive/
2016/texmf-dist/fonts/type1/public/amsfonts/cm/cmti10.pfb></usr/local/texlive/2
016/texmf-dist/fonts/type1/public/amsfonts/cm/cmti8.pfb></usr/local/texlive/201
6/texmf-dist/fonts/type1/public/doublestroke/dsrom10.pfb></usr/local/texlive/20
16/texmf-dist/fonts/type1/public/amsfonts/latxfont/lasy6.pfb></usr/local/texliv
e/2016/texmf-dist/fonts/type1/public/amsfonts/symbols/msbm10.pfb></usr/local/te
xlive/2016/texmf-dist/fonts/type1/public/stmaryrd/stmary10.pfb>
Output written on diff.pdf (12 pages, 818203 bytes).
PDF statistics:
 1569 PDF objects out of 1728 (max. 8388607)
 1095 compressed objects within 11 object streams
 50 named destinations out of 1000 (max. 500000)
 125 words of extra memory for PDF output out of 10000 (max. 10000000)

